[debug] [2023-03-04T23:38:46.096Z] ----------------------------------------------------------------------
[debug] [2023-03-04T23:38:46.097Z] Command:       C:\Program Files\nodejs\node.exe C:\Users\timmy\AppData\Roaming\npm\node_modules\firebase-tools\lib\bin\firebase.js deploy --only hosting
[debug] [2023-03-04T23:38:46.098Z] CLI Version:   11.24.0
[debug] [2023-03-04T23:38:46.098Z] Platform:      win32
[debug] [2023-03-04T23:38:46.098Z] Node Version:  v18.14.2
[debug] [2023-03-04T23:38:46.098Z] Time:          Sun Mar 05 2023 10:38:46 GMT+1100 (Australian Eastern Daylight Time)
[debug] [2023-03-04T23:38:46.099Z] ----------------------------------------------------------------------
[debug] 
[debug] [2023-03-04T23:38:46.148Z] > command requires scopes: ["email","openid","https://www.googleapis.com/auth/cloudplatformprojects.readonly","https://www.googleapis.com/auth/firebase","https://www.googleapis.com/auth/cloud-platform"]
[debug] [2023-03-04T23:38:46.148Z] > authorizing via signed-in user (tim@soma-festival.com)
[debug] [2023-03-04T23:38:46.148Z] [iam] checking project soma-2023 for permissions ["firebase.projects.get","firebasehosting.sites.update"]
[debug] [2023-03-04T23:38:46.149Z] > refreshing access token with scopes: []
[debug] [2023-03-04T23:38:46.150Z] >>> [apiv2][query] POST https://www.googleapis.com/oauth2/v3/token [none]
[debug] [2023-03-04T23:38:46.151Z] >>> [apiv2][body] POST https://www.googleapis.com/oauth2/v3/token [omitted]
[debug] [2023-03-04T23:38:46.452Z] <<< [apiv2][status] POST https://www.googleapis.com/oauth2/v3/token 400
[debug] [2023-03-04T23:38:46.453Z] <<< [apiv2][body] POST https://www.googleapis.com/oauth2/v3/token [omitted]
[debug] [2023-03-04T23:38:46.453Z] >>> [apiv2][query] POST https://cloudresourcemanager.googleapis.com/v1/projects/soma-2023:testIamPermissions [none]
[debug] [2023-03-04T23:38:46.453Z] >>> [apiv2][(partial)header] POST https://cloudresourcemanager.googleapis.com/v1/projects/soma-2023:testIamPermissions x-goog-quota-user=projects/soma-2023
[debug] [2023-03-04T23:38:46.453Z] >>> [apiv2][body] POST https://cloudresourcemanager.googleapis.com/v1/projects/soma-2023:testIamPermissions {"permissions":["firebase.projects.get","firebasehosting.sites.update"]}
[debug] [2023-03-04T23:38:46.843Z] <<< [apiv2][status] POST https://cloudresourcemanager.googleapis.com/v1/projects/soma-2023:testIamPermissions 401
[debug] [2023-03-04T23:38:46.843Z] <<< [apiv2][body] POST https://cloudresourcemanager.googleapis.com/v1/projects/soma-2023:testIamPermissions {"error":{"code":401,"message":"Request had invalid authentication credentials. Expected OAuth 2 access token, login cookie or other valid authentication credential. See https://developers.google.com/identity/sign-in/web/devconsole-project.","status":"UNAUTHENTICATED","details":[{"@type":"type.googleapis.com/google.rpc.ErrorInfo","reason":"ACCESS_TOKEN_TYPE_UNSUPPORTED","metadata":{"method":"google.cloudresourcemanager.v1.Projects.TestIamPermissions","service":"cloudresourcemanager.googleapis.com"}}]}}
[debug] [2023-03-04T23:38:46.843Z] [iam] error while checking permissions, command may fail: FirebaseError: HTTP Error: 401, Request had invalid authentication credentials. Expected OAuth 2 access token, login cookie or other valid authentication credential. See https://developers.google.com/identity/sign-in/web/devconsole-project.
[debug] [2023-03-04T23:38:46.844Z] > refreshing access token with scopes: []
[debug] [2023-03-04T23:38:46.844Z] >>> [apiv2][query] POST https://www.googleapis.com/oauth2/v3/token [none]
[debug] [2023-03-04T23:38:46.844Z] >>> [apiv2][body] POST https://www.googleapis.com/oauth2/v3/token [omitted]
[debug] [2023-03-04T23:38:47.133Z] <<< [apiv2][status] POST https://www.googleapis.com/oauth2/v3/token 400
[debug] [2023-03-04T23:38:47.134Z] <<< [apiv2][body] POST https://www.googleapis.com/oauth2/v3/token [omitted]
[debug] [2023-03-04T23:38:47.134Z] >>> [apiv2][query] GET https://firebase.googleapis.com/v1beta1/projects/soma-2023 [none]
[debug] [2023-03-04T23:38:47.624Z] <<< [apiv2][status] GET https://firebase.googleapis.com/v1beta1/projects/soma-2023 401
[debug] [2023-03-04T23:38:47.624Z] <<< [apiv2][body] GET https://firebase.googleapis.com/v1beta1/projects/soma-2023 {"error":{"code":401,"message":"Request had invalid authentication credentials. Expected OAuth 2 access token, login cookie or other valid authentication credential. See https://developers.google.com/identity/sign-in/web/devconsole-project.","status":"UNAUTHENTICATED"}}
[debug] [2023-03-04T23:38:47.625Z] HTTP Error: 401, Request had invalid authentication credentials. Expected OAuth 2 access token, login cookie or other valid authentication credential. See https://developers.google.com/identity/sign-in/web/devconsole-project.
[debug] [2023-03-04T23:38:47.878Z] FirebaseError: HTTP Error: 401, Request had invalid authentication credentials. Expected OAuth 2 access token, login cookie or other valid authentication credential. See https://developers.google.com/identity/sign-in/web/devconsole-project.
    at responseToError (C:\Users\timmy\AppData\Roaming\npm\node_modules\firebase-tools\lib\responseToError.js:49:12)
    at RetryOperation._fn (C:\Users\timmy\AppData\Roaming\npm\node_modules\firebase-tools\lib\apiv2.js:288:77)
    at process.processTicksAndRejections (node:internal/process/task_queues:95:5)
[error] 
[error] Error: Failed to get Firebase project soma-2023. Please make sure the project exists and your account has permission to access it.
